This is LuaHBTeX, Version 1.14.0 (TeX Live 2022/dev/Debian)  (format=lualatex 2026.1.30)  14 FEB 2026 11:37
 restricted system commands enabled.
**main_text_R1.tex
(./main_text_R1.tex
LaTeX2e <2021-11-15> patch level 1
Lua module: luaotfload 2021-05-21 3.18 Lua based OpenType font support
Lua module: lualibs 2021-05-20 2.74 ConTeXt Lua standard libraries.
Lua module: lualibs-extended 2021-05-20 2.74 ConTeXt Lua libraries -- extended c
ollection.
luaotfload | conf : Root cache directory is "/home/sebastiand/.texlive2021/texmf
-var/luatex-cache/generic/names".
luaotfload | init : Loading fontloader "fontloader-2021-05-20.lua" from kpse-res
olved path "/usr/share/texlive/texmf-dist/tex/luatex/luaotfload/fontloader-2021-
05-20.lua".
Lua-only attribute luaotfload@noligature = 1
Lua-only attribute luaotfload@syllabe = 2
luaotfload | init : Context OpenType loader version 3.116
Inserting `luaotfload.node_processor' at position 1 in `pre_linebreak_filter'.
Inserting `luaotfload.node_processor' at position 1 in `hpack_filter'.
Inserting `luaotfload.glyph_stream' at position 1 in `glyph_stream_provider'.
Inserting `luaotfload.define_font' at position 1 in `define_font'.
Lua-only attribute luaotfload_color_attribute = 3
luaotfload | conf : Root cache directory is "/home/sebastiand/.texlive2021/texmf
-var/luatex-cache/generic/names".
Inserting `luaotfload.harf.strip_prefix' at position 1 in `find_opentype_file'.
Inserting `luaotfload.harf.strip_prefix' at position 1 in `find_truetype_file'.
Inserting `luaotfload.harf.finalize_vlist' at position 1 in `post_linebreak_filt
er'.
Inserting `luaotfload.harf.finalize_hlist' at position 2 in `hpack_filter'.
Inserting `luaotfload.cleanup_files' at position 1 in `wrapup_run'.
Inserting `luaotfload.harf.finalize_unicode' at position 1 in `finish_pdffile'.
Inserting `luaotfload.glyphinfo' at position 1 in `glyph_info'.
Lua-only attribute luaotfload.letterspace_done = 4
Inserting `luaotfload.aux.set_sscale_dimens' at position 1 in `luaotfload.patch_
font'.
Inserting `luaotfload.aux.set_font_index' at position 2 in `luaotfload.patch_fon
t'.
Inserting `luaotfload.aux.patch_cambria_domh' at position 3 in `luaotfload.patch
_font'.
Inserting `luaotfload.aux.fixup_fontdata' at position 1 in `luaotfload.patch_fon
t_unsafe'.
Inserting `luaotfload.aux.set_capheight' at position 4 in `luaotfload.patch_font
'.
Inserting `luaotfload.aux.set_xheight' at position 5 in `luaotfload.patch_font'.
Inserting `luaotfload.rewrite_fontname' at position 6 in `luaotfload.patch_font'
. L3 programming layer <2022-01-21>
Inserting `tracingstacklevels' at position 1 in `input_level_string'.
(/usr/share/texlive/texmf-dist/tex/latex/base/article.cls
Document Class: article 2021/10/04 v1.4n Standard LaTeX document class
(/usr/share/texlive/texmf-dist/tex/latex/base/size11.clo
File: size11.clo 2021/10/04 v1.4n Standard LaTeX file (size option)
luaotfload | db : Font names database loaded from /home/sebastiand/.texlive2021/
texmf-var/luatex-cache/generic/names/luaotfload-names.luc)
\c@part=\count183
\c@section=\count184
\c@subsection=\count185
\c@subsubsection=\count186
\c@paragraph=\count187
\c@subparagraph=\count188
\c@figure=\count189
\c@table=\count190
\abovecaptionskip=\skip47
\belowcaptionskip=\skip48
\bibindent=\dimen137
)
(/usr/share/texlive/texmf-dist/tex/latex/graphics/graphicx.sty
Package: graphicx 2021/09/16 v1.2d Enhanced LaTeX Graphics (DPC,SPQR)

(/usr/share/texlive/texmf-dist/tex/latex/graphics/keyval.sty
Package: keyval 2014/10/28 v1.15 key=value parser (DPC)
\KV@toks@=\toks16
)
(/usr/share/texlive/texmf-dist/tex/latex/graphics/graphics.sty
Package: graphics 2021/03/04 v1.4d Standard LaTeX Graphics (DPC,SPQR)

(/usr/share/texlive/texmf-dist/tex/latex/graphics/trig.sty
Package: trig 2021/08/11 v1.11 sin cos tan (DPC)
)
(/usr/share/texlive/texmf-dist/tex/latex/graphics-cfg/graphics.cfg
File: graphics.cfg 2016/06/04 v1.11 sample graphics configuration
)
Package graphics Info: Driver file: luatex.def on input line 107.

(/usr/share/texlive/texmf-dist/tex/latex/graphics-def/luatex.def
File: luatex.def 2021/06/01 v1.2c Graphics/color driver for luatex
))
\Gin@req@height=\dimen138
\Gin@req@width=\dimen139
)
(/usr/share/texlive/texmf-dist/tex/latex/float/float.sty
Package: float 2001/11/08 v1.3d Float enhancements (AL)
\c@float@type=\count191
\float@exts=\toks17
\float@box=\box50
\@float@everytoks=\toks18
\@floatcapt=\box51
)
(/usr/share/texlive/texmf-dist/tex/generic/ulem/ulem.sty
\UL@box=\box52
\UL@hyphenbox=\box53
\UL@skip=\skip49
\UL@hook=\toks19
\UL@height=\dimen140
\UL@pe=\count192
\UL@pixel=\dimen141
\ULC@box=\box54
Package: ulem 2019/11/18
\ULdepth=\dimen142
)
(/usr/share/texlive/texmf-dist/tex/latex/base/inputenc.sty
Package: inputenc 2021/02/14 v1.3d Input encoding file
\inpenc@prehook=\toks20
\inpenc@posthook=\toks21


Package inputenc Warning: inputenc package ignored with utf8 based engines.

) (/usr/share/texlive/texmf-dist/tex/latex/amsfonts/amssymb.sty
Package: amssymb 2013/01/14 v3.01 AMS font symbols

(/usr/share/texlive/texmf-dist/tex/latex/amsfonts/amsfonts.sty
Package: amsfonts 2013/01/14 v3.01 Basic AMSFonts support
\@emptytoks=\toks22
\symAMSa=\mathgroup4
\symAMSb=\mathgroup5
LaTeX Font Info:    Redeclaring math symbol \hbar on input line 98.
LaTeX Font Info:    Overwriting math alphabet `\mathfrak' in version `bold'
(Font)                  U/euf/m/n --> U/euf/b/n on input line 106.
))
(/usr/share/texlive/texmf-dist/tex/latex/natbib/natbib.sty
Package: natbib 2010/09/13 8.31b (PWD, AO)
\bibhang=\skip50
\bibsep=\skip51
LaTeX Info: Redefining \cite on input line 694.
\c@NAT@ctr=\count193
)
(/usr/share/texlive/texmf-dist/tex/latex/setspace/setspace.sty
Package: setspace 2011/12/19 v6.7a set line spacing
)
(/usr/share/texlive/texmf-dist/tex/latex/pdflscape/pdflscape.sty
Package: pdflscape 2019/12/05 v0.12 Display of landscape pages in PDF (HO)

(/usr/share/texlive/texmf-dist/tex/generic/iftex/iftex.sty
Package: iftex 2020/03/06 v1.0d TeX engine tests
)
(/usr/share/texlive/texmf-dist/tex/latex/graphics/lscape.sty
Package: lscape 2020/05/28 v3.02 Landscape Pages (DPC)
)
Package pdflscape Info: Auto-detected driver: pdftex on input line 81.
)
(/usr/share/texlive/texmf-dist/tex/latex/xcolor/xcolor.sty
Package: xcolor 2021/10/31 v2.13 LaTeX color extensions (UK)

(/usr/share/texlive/texmf-dist/tex/latex/graphics-cfg/color.cfg
File: color.cfg 2016/01/02 v1.6 sample color configuration
)
Package xcolor Info: Driver file: luatex.def on input line 227.
Package xcolor Info: Model `cmy' substituted by `cmy0' on input line 1352.
Package xcolor Info: Model `hsb' substituted by `rgb' on input line 1356.
Package xcolor Info: Model `RGB' extended on input line 1368.
Package xcolor Info: Model `HTML' substituted by `rgb' on input line 1370.
Package xcolor Info: Model `Hsb' substituted by `hsb' on input line 1371.
Package xcolor Info: Model `tHsb' substituted by `hsb' on input line 1372.
Package xcolor Info: Model `HSB' substituted by `hsb' on input line 1373.
Package xcolor Info: Model `Gray' substituted by `gray' on input line 1374.
Package xcolor Info: Model `wave' substituted by `hsb' on input line 1375.

(/usr/share/texlive/texmf-dist/tex/latex/graphics/dvipsnam.def
File: dvipsnam.def 2016/06/17 v3.0m Driver-dependent file (DPC,SPQR)
))
(/usr/share/texlive/texmf-dist/tex/latex/lineno/lineno.sty
Package: lineno 2005/11/02 line numbers on paragraphs v4.41
\linenopenalty=\count194
\output=\toks23
\linenoprevgraf=\count195
\linenumbersep=\dimen143
\linenumberwidth=\dimen144
\c@linenumber=\count196
\c@pagewiselinenumber=\count197
\c@LN@truepage=\count198
\c@internallinenumber=\count199
\c@internallinenumbers=\count266
\quotelinenumbersep=\dimen145
\bframerule=\dimen146
\bframesep=\dimen147
\bframebox=\box55
LaTeX Info: Redefining \\ on input line 3056.
)
(/usr/share/texlive/texmf-dist/tex/latex/tools/multicol.sty
Package: multicol 2021/10/28 v1.9b multicolumn formatting (FMi)
\c@tracingmulticols=\count267
\mult@box=\box56
\multicol@leftmargin=\dimen148
\c@unbalance=\count268
\c@collectmore=\count269
\doublecol@number=\count270
\multicoltolerance=\count271
\multicolpretolerance=\count272
\full@width=\dimen149
\page@free=\dimen150
\premulticols=\dimen151
\postmulticols=\dimen152
\multicolsep=\skip52
\multicolbaselineskip=\skip53
\partial@page=\box57
\last@line=\box58
\maxbalancingoverflow=\dimen153
\mult@rightbox=\box59
\mult@grightbox=\box60
\mult@firstbox=\box61
\mult@gfirstbox=\box62
\@tempa=\box63
\@tempa=\box64
\@tempa=\box65
\@tempa=\box66
\@tempa=\box67
\@tempa=\box68
\@tempa=\box69
\@tempa=\box70
\@tempa=\box71
\@tempa=\box72
\@tempa=\box73
\@tempa=\box74
\@tempa=\box75
\@tempa=\box76
\@tempa=\box77
\@tempa=\box78
\@tempa=\box79
\@tempa=\box80
\@tempa=\box81
\@tempa=\box82
\@tempa=\box83
\@tempa=\box84
\@tempa=\box85
\@tempa=\box86
\@tempa=\box87
\@tempa=\box88
\@tempa=\box89
\@tempa=\box90
\@tempa=\box91
\@tempa=\box92
\@tempa=\box93
\@tempa=\box94
\@tempa=\box95
\@tempa=\box96
\@tempa=\box97
\@tempa=\box98
\c@minrows=\count273
\c@columnbadness=\count274
\c@finalcolumnbadness=\count275
\last@try=\dimen154
\multicolovershoot=\dimen155
\multicolundershoot=\dimen156
\mult@nat@firstbox=\box99
\colbreak@box=\box100
\mc@col@check@num=\count276
)
(/usr/share/texlive/texmf-dist/tex/latex/hyperref/hyperref.sty
Package: hyperref 2021-06-07 v7.00m Hypertext links for LaTeX

(/usr/share/texlive/texmf-dist/tex/generic/ltxcmds/ltxcmds.sty
Package: ltxcmds 2020-05-10 v1.25 LaTeX kernel commands for general use (HO)
)
(/usr/share/texlive/texmf-dist/tex/generic/pdftexcmds/pdftexcmds.sty
Package: pdftexcmds 2020-06-27 v0.33 Utility functions of pdfTeX for LuaTeX (HO
)

(/usr/share/texlive/texmf-dist/tex/generic/infwarerr/infwarerr.sty
Package: infwarerr 2019/12/03 v1.5 Providing info/warning/error messages (HO)
)
Package pdftexcmds Info: \pdf@primitive is available.
Package pdftexcmds Info: \pdf@ifprimitive is available.
Package pdftexcmds Info: \pdfdraftmode found.
\pdftexcmds@toks=\toks24
)
(/usr/share/texlive/texmf-dist/tex/generic/kvsetkeys/kvsetkeys.sty
Package: kvsetkeys 2019/12/15 v1.18 Key value parser (HO)
)
(/usr/share/texlive/texmf-dist/tex/generic/kvdefinekeys/kvdefinekeys.sty
Package: kvdefinekeys 2019-12-19 v1.6 Define keys (HO)
)
(/usr/share/texlive/texmf-dist/tex/generic/pdfescape/pdfescape.sty
Package: pdfescape 2019/12/09 v1.15 Implements pdfTeX's escape features (HO)
)
(/usr/share/texlive/texmf-dist/tex/latex/hycolor/hycolor.sty
Package: hycolor 2020-01-27 v1.10 Color options for hyperref/bookmark (HO)
)
(/usr/share/texlive/texmf-dist/tex/latex/letltxmacro/letltxmacro.sty
Package: letltxmacro 2019/12/03 v1.6 Let assignment for LaTeX macros (HO)
)
(/usr/share/texlive/texmf-dist/tex/latex/auxhook/auxhook.sty
Package: auxhook 2019-12-17 v1.6 Hooks for auxiliary files (HO)
)
(/usr/share/texlive/texmf-dist/tex/latex/kvoptions/kvoptions.sty
Package: kvoptions 2020-10-07 v3.14 Key value format for package options (HO)
)
\@linkdim=\dimen157
\Hy@linkcounter=\count277
\Hy@pagecounter=\count278

(/usr/share/texlive/texmf-dist/tex/latex/hyperref/pd1enc.def
File: pd1enc.def 2021-06-07 v7.00m Hyperref: PDFDocEncoding definition (HO)
)
(/usr/share/texlive/texmf-dist/tex/latex/hyperref/hyperref-langpatches.def
File: hyperref-langpatches.def 2021-06-07 v7.00m Hyperref: patches for babel la
nguages
)
(/usr/share/texlive/texmf-dist/tex/generic/intcalc/intcalc.sty
Package: intcalc 2019/12/15 v1.3 Expandable calculations with integers (HO)
)
(/usr/share/texlive/texmf-dist/tex/generic/etexcmds/etexcmds.sty
Package: etexcmds 2019/12/15 v1.7 Avoid name clashes with e-TeX commands (HO)
)
\Hy@SavedSpaceFactor=\count279

(/usr/share/texlive/texmf-dist/tex/latex/hyperref/puenc.def
File: puenc.def 2021-06-07 v7.00m Hyperref: PDF Unicode definition (HO)
)
Package hyperref Info: Hyper figures OFF on input line 4192.
Package hyperref Info: Link nesting OFF on input line 4197.
Package hyperref Info: Hyper index ON on input line 4200.
Package hyperref Info: Plain pages OFF on input line 4207.
Package hyperref Info: Backreferencing OFF on input line 4212.
Package hyperref Info: Implicit mode ON; LaTeX internals redefined.
Package hyperref Info: Bookmarks ON on input line 4445.
\c@Hy@tempcnt=\count280

(/usr/share/texlive/texmf-dist/tex/latex/url/url.sty
\Urlmuskip=\muskip16
Package: url 2013/09/16  ver 3.4  Verb mode for urls, etc.
)
LaTeX Info: Redefining \url on input line 4804.
\XeTeXLinkMargin=\dimen158

(/usr/share/texlive/texmf-dist/tex/generic/bitset/bitset.sty
Package: bitset 2019/12/09 v1.3 Handle bit-vector datatype (HO)

(/usr/share/texlive/texmf-dist/tex/generic/bigintcalc/bigintcalc.sty
Package: bigintcalc 2019/12/15 v1.5 Expandable calculations on big integers (HO
)
))
\Fld@menulength=\count281
\Field@Width=\dimen159
\Fld@charsize=\dimen160
Package hyperref Info: Hyper figures OFF on input line 6076.
Package hyperref Info: Link nesting OFF on input line 6081.
Package hyperref Info: Hyper index ON on input line 6084.
Package hyperref Info: backreferencing OFF on input line 6091.
Package hyperref Info: Link coloring OFF on input line 6096.
Package hyperref Info: Link coloring with OCG OFF on input line 6101.
Package hyperref Info: PDF/A mode OFF on input line 6106.
LaTeX Info: Redefining \ref on input line 6146.
LaTeX Info: Redefining \pageref on input line 6150.

(/usr/share/texlive/texmf-dist/tex/latex/base/atbegshi-ltx.sty
Package: atbegshi-ltx 2021/01/10 v1.0c Emulation of the original atbegshi
package with kernel methods
)
\Hy@abspage=\count282
\c@Item=\count283
\c@Hfootnote=\count284
)
Package hyperref Info: Driver (autodetected): hluatex.

(/usr/share/texlive/texmf-dist/tex/latex/hyperref/hluatex.def
File: hluatex.def 2021-06-07 v7.00m Hyperref driver for luaTeX

(/usr/share/texlive/texmf-dist/tex/generic/stringenc/stringenc.sty
Package: stringenc 2019/11/29 v1.12 Convert strings between diff. encodings (HO
)
)
(/usr/share/texlive/texmf-dist/tex/latex/base/atveryend-ltx.sty
Package: atveryend-ltx 2020/08/19 v1.0a Emulation of the original atveryend pac
kage
with kernel methods
)
\Fld@listcount=\count285
\c@bookmark@seq@number=\count286

(/usr/share/texlive/texmf-dist/tex/latex/rerunfilecheck/rerunfilecheck.sty
Package: rerunfilecheck 2019/12/05 v1.9 Rerun checks for auxiliary files (HO)

(/usr/share/texlive/texmf-dist/tex/generic/uniquecounter/uniquecounter.sty
Package: uniquecounter 2019/12/15 v1.4 Provide unlimited unique counter (HO)
)
Package uniquecounter Info: New unique counter `rerunfilecheck' on input line 2
86.
)
\Hy@SectionHShift=\skip54
)
Package hyperref Info: Option `colorlinks' set `false' on input line 34.

(/usr/share/texlive/texmf-dist/tex/latex/tools/array.sty
Package: array 2021/10/04 v2.5f Tabular extension package (FMi)
\col@sep=\dimen161
\ar@mcellbox=\box101
\extrarowheight=\dimen162
\NC@list=\toks25
\extratabsurround=\skip55
\backup@length=\skip56
\ar@cellbox=\box102
)
\savedwidth=\skip57

(/usr/share/texlive/texmf-dist/tex/latex/l3backend/l3backend-luatex.def
File: l3backend-luatex.def 2022-01-12 L3 backend support: PDF output (LuaTeX)
\l__color_backend_stack_int=\count287
\l__pdf_internal_box=\box103
)
(./main_text_R1.aux)
\openout1 = main_text_R1.aux

LaTeX Font Info:    Checking defaults for OML/cmm/m/it on input line 72.
LaTeX Font Info:    ... okay on input line 72.
LaTeX Font Info:    Checking defaults for OMS/cmsy/m/n on input line 72.
LaTeX Font Info:    ... okay on input line 72.
LaTeX Font Info:    Checking defaults for OT1/cmr/m/n on input line 72.
LaTeX Font Info:    ... okay on input line 72.
LaTeX Font Info:    Checking defaults for T1/cmr/m/n on input line 72.
LaTeX Font Info:    ... okay on input line 72.
LaTeX Font Info:    Checking defaults for TS1/cmr/m/n on input line 72.
LaTeX Font Info:    Trying to load font information for TS1+cmr on input line 7
2.
 (/usr/share/texlive/texmf-dist/tex/latex/base/ts1cmr.fd
File: ts1cmr.fd 2019/12/16 v2.5j Standard LaTeX font definitions
)
LaTeX Font Info:    ... okay on input line 72.
LaTeX Font Info:    Checking defaults for TU/lmr/m/n on input line 72.
LaTeX Font Info:    ... okay on input line 72.
LaTeX Font Info:    Checking defaults for OMX/cmex/m/n on input line 72.
LaTeX Font Info:    ... okay on input line 72.
LaTeX Font Info:    Checking defaults for U/cmr/m/n on input line 72.
LaTeX Font Info:    ... okay on input line 72.
LaTeX Font Info:    Checking defaults for PD1/pdf/m/n on input line 72.
LaTeX Font Info:    ... okay on input line 72.
LaTeX Font Info:    Checking defaults for PU/pdf/m/n on input line 72.
LaTeX Font Info:    ... okay on input line 72.

(/usr/share/texlive/texmf-dist/tex/context/base/mkii/supp-pdf.mkii
[Loading MPS to PDF converter (version 2006.09.02).]
\scratchcounter=\count288
\scratchdimen=\dimen163
\scratchbox=\box104
\nofMPsegments=\count289
\nofMParguments=\count290
\everyMPshowfont=\toks26
\MPscratchCnt=\count291
\MPscratchDim=\dimen164
\MPnumerator=\count292
\makeMPintoPDFobject=\count293
\everyMPtoPDFconversion=\toks27
) (/usr/share/texlive/texmf-dist/tex/latex/epstopdf-pkg/epstopdf-base.sty
Package: epstopdf-base 2020-01-24 v2.11 Base part for package epstopdf
Package epstopdf-base Info: Redefining graphics rule for `.eps' on input line 4
85.

(/usr/share/texlive/texmf-dist/tex/latex/latexconfig/epstopdf-sys.cfg
File: epstopdf-sys.cfg 2010/07/13 v1.3 Configuration of (r)epstopdf for TeX Liv
e
))
Package hyperref Info: Link coloring OFF on input line 72.

(/usr/share/texlive/texmf-dist/tex/latex/hyperref/nameref.sty
Package: nameref 2021-04-02 v2.47 Cross-referencing by name of section

(/usr/share/texlive/texmf-dist/tex/latex/refcount/refcount.sty
Package: refcount 2019/12/15 v3.6 Data extraction from label references (HO)
)
(/usr/share/texlive/texmf-dist/tex/generic/gettitlestring/gettitlestring.sty
Package: gettitlestring 2019/12/15 v1.6 Cleanup title references (HO)
)
\c@section@level=\count294
)
LaTeX Info: Redefining \ref on input line 72.
LaTeX Info: Redefining \pageref on input line 72.
LaTeX Info: Redefining \nameref on input line 72.

(./main_text_R1.out) (./main_text_R1.out)
\@outlinefile=\write3

\openout3 = main_text_R1.out
LaTeX Font Info:    Trying to load font information for U+msa on input line 83.


(/usr/share/texlive/texmf-dist/tex/latex/amsfonts/umsa.fd
File: umsa.fd 2013/01/14 v3.01 AMS symbols A
)
LaTeX Font Info:    Trying to load font information for U+msb on input line 83.


(/usr/share/texlive/texmf-dist/tex/latex/amsfonts/umsb.fd
File: umsb.fd 2013/01/14 v3.01 AMS symbols B
)
Underfull \hbox (badness 10000) in paragraph at lines 99--102

 []


Package natbib Warning: Citation `zuckerkandl1965evolutionary' on page 1 undefi
ned on input line 111.


Package natbib Warning: Citation `ho2014changing' on page 1 undefined on input 
line 111.


Package natbib Warning: Citation `ho2014molecular' on page 1 undefined on input
 line 111.


Package natbib Warning: Citation `guindon2020rates' on page 1 undefined on inpu
t line 111.


Package natbib Warning: Citation `dos2013unbearable' on page 1 undefined on inp
ut line 113.


Package natbib Warning: Citation `bromham2018bayesian' on page 1 undefined on i
nput line 113.


Package natbib Warning: Citation `guindon2020rates' on page 1 undefined on inpu
t line 113.


Package natbib Warning: Citation `rieux2016inferences' on page 1 undefined on i
nput line 113.


Package natbib Warning: Citation `warnock2012exploring' on page 1 undefined on 
input line 113.


Package natbib Warning: Citation `duchene2014impact' on page 1 undefined on inp
ut line 113.


Package natbib Warning: Citation `gavryushkina2017bayesian' on page 1 undefined
 on input line 113.


Package natbib Warning: Citation `ronquist2016closing' on page 1 undefined on i
nput line 113.

[1

{/var/lib/texmf/fonts/map/pdftex/updmap/pdftex.map}]

Package natbib Warning: Citation `ghafari2022purifying' on page 2 undefined on 
input line 116.


Package natbib Warning: Citation `sanjuan2012molecular' on page 2 undefined on 
input line 116.


Package natbib Warning: Citation `drummond2003measurably' on page 2 undefined o
n input line 116.


Overfull \hbox (14.23975pt too wide) in paragraph at lines 116--117
\TU/lmr/m/n/10.95 13,500 nu-cleotides, one would ex-pect to ob-serve one mu-ta-t
ion ev-ery 4 to 5 days ($[] \OMS/cmsy/m/n/10.95 
 []


Package natbib Warning: Citation `spyrou2019ancient' on page 2 undefined on inp
ut line 118.


Package natbib Warning: Citation `duchene2020recovery' on page 2 undefined on i
nput line 118.


Package natbib Warning: Citation `biek2015measurably' on page 2 undefined on in
put line 118.


Package natbib Warning: Citation `menardo2019molecular' on page 2 undefined on 
input line 118.


Package natbib Warning: Citation `duchene2020temporal' on page 2 undefined on i
nput line 121.

[2]

Package natbib Warning: Citation `duchene2015performance' on page 3 undefined o
n input line 126.


Package natbib Warning: Citation `rieux2016inferences' on page 3 undefined on i
nput line 126.


Package natbib Warning: Citation `tay2024assessing' on page 3 undefined on inpu
t line 128.


Package natbib Warning: Citation `buonagurio1986evolution' on page 3 undefined 
on input line 130.


Package natbib Warning: Citation `gojobori1990molecular' on page 3 undefined on
 input line 130.


Package natbib Warning: Citation `drummond2003inference' on page 3 undefined on
 input line 130.


Package natbib Warning: Citation `ramsden2009hantavirus' on page 3 undefined on
 input line 130.


Package natbib Warning: Citation `duchene2015performance' on page 3 undefined o
n input line 130.


Package natbib Warning: Citation `duchene2018inferring' on page 3 undefined on 
input line 130.


Package natbib Warning: Citation `trovao2015host' on page 3 undefined on input 
line 130.


Package natbib Warning: Citation `duchene2020bayesian' on page 3 undefined on i
nput line 130.


Package natbib Warning: Citation `rieux2016inferences' on page 3 undefined on i
nput line 130.


Package natbib Warning: Citation `duchene2020bayesian' on page 3 undefined on i
nput line 130.


Package natbib Warning: Citation `boni2020evolutionary' on page 3 undefined on 
input line 133.


Package natbib Warning: Citation `duchene2020temporal' on page 3 undefined on i
nput line 133.


Package natbib Warning: Citation `ghafari2022purifying' on page 3 undefined on 
input line 133.

[3]

Package natbib Warning: Citation `duchene2016genome' on page 4 undefined on inp
ut line 135.


Package natbib Warning: Citation `eldholm2015four' on page 4 undefined on input
 line 135.


Package natbib Warning: Citation `menardo2019molecular' on page 4 undefined on 
input line 135.


Package natbib Warning: Citation `kuhnert2018tuberculosis' on page 4 undefined 
on input line 135.


Package natbib Warning: Citation `merker2022transcontinental' on page 4 undefin
ed on input line 135.


Package natbib Warning: Citation `eaton2023plagued' on page 4 undefined on inpu
t line 137.


Package natbib Warning: Citation `andrades2022stone' on page 4 undefined on inp
ut line 137.


Package natbib Warning: Citation `devault2014second' on page 4 undefined on inp
ut line 139.


Package natbib Warning: Citation `rambaut2016exploring' on page 4 undefined on 
input line 139.


Package natbib Warning: Citation `gharbi2024clock' on page 4 undefined on input
 line 141.


Package natbib Warning: Citation `tay2024assessing' on page 4 undefined on inpu
t line 141.


Package natbib Warning: Citation `moller2018impact' on page 4 undefined on inpu
t line 141.


Package natbib Warning: Citation `mendes2025validate' on page 4 undefined on in
put line 141.

[4] [5]
<examples_temp_signal_thresholds_meps.pdf, id=79, 794.97pt x 505.89pt>
File: examples_temp_signal_thresholds_meps.pdf Graphic file (type pdf)
<use examples_temp_signal_thresholds_meps.pdf>
Package luatex.def Info: examples_temp_signal_thresholds_meps.pdf  used on inpu
t line 146.
(luatex.def)             Requested size: 437.23485pt x 278.24034pt.
 [6

<./examples_temp_signal_thresholds_meps.pdf>]

Package natbib Warning: Citation `kocher2021ten' on page 7 undefined on input l
ine 156.


Package natbib Warning: Citation `paraskevis2013dating' on page 7 undefined on 
input line 156.


Package natbib Warning: Citation `ross2018paradox' on page 7 undefined on input
 line 156.


Package natbib Warning: Citation `kahila2012tracing' on page 7 undefined on inp
ut line 156.


Package natbib Warning: Citation `kocher2021ten' on page 7 undefined on input l
ine 159.


Package natbib Warning: Citation `kocher2021ten' on page 7 undefined on input l
ine 159.


Package natbib Warning: Citation `muhlemann2018ancient' on page 7 undefined on 
input line 159.


Package natbib Warning: Citation `bouckaert2019beast' on page 7 undefined on in
put line 161.


LaTeX Warning: Reference `table:prior_distros' on page 7 undefined on input lin
e 163.

[7

] [8]
<testing_prior_uncertainty_fig.pdf, id=108, 650.43pt x 505.89pt>
File: testing_prior_uncertainty_fig.pdf Graphic file (type pdf)
<use testing_prior_uncertainty_fig.pdf>
Package luatex.def Info: testing_prior_uncertainty_fig.pdf  used on input line 
193.
(luatex.def)             Requested size: 487.8213pt x 379.41655pt.


LaTeX Warning: `h' float specifier changed to `ht'.

[9<./testing_prior_uncertainty_fig.pdf>]

LaTeX Warning: `h' float specifier changed to `ht'.


Package natbib Warning: Citation `duchene2015performance' on page 10 undefined 
on input line 252.

[10


]

Package natbib Warning: Citation `heath2014fossilized' on page 11 undefined on 
input line 259.

[11] [12]
<testing_hierarchical_prior_fig.pdf, id=158, 650.43pt x 252.945pt>
File: testing_hierarchical_prior_fig.pdf Graphic file (type pdf)
<use testing_hierarchical_prior_fig.pdf>
Package luatex.def Info: testing_hierarchical_prior_fig.pdf  used on input line
 282.
(luatex.def)             Requested size: 487.8213pt x 189.70828pt.
 [13

<./testing_hierarchical_prior_fig.pdf>]

LaTeX Warning: Reference `figure:Fig4' on page 14 undefined on input line 291.


Package natbib Warning: Citation `spyrou2019phylogeography' on page 14 undefine
d on input line 291.


LaTeX Warning: Reference `table:sampling_bias' on page 14 undefined on input li
ne 293.


Package natbib Warning: Citation `murray2016effect' on page 14 undefined on inp
ut line 293.


LaTeX Warning: Reference `figure:Fig4' on page 14 undefined on input line 296.


LaTeX Warning: Reference `figure:Fig4' on page 14 undefined on input line 296.


Overfull \hbox (6.56027pt too wide) in paragraph at lines 299--306
 [] 
 []


LaTeX Warning: Reference `figure:Fig5' on page 14 undefined on input line 309.


LaTeX Warning: Reference `figure:Fig5' on page 14 undefined on input line 309.

! error:  (file sampling_bias_summary_trees_rates.pdf) (pdf inclusion): reading 
image failed
!  ==> Fatal error occurred, no output PDF file produced!